Mon Mar 12 2018 20:13:25 GMT-0400 (EDT): GET /
Mon Mar 12 2018 20:13:29 GMT-0400 (EDT): GET /about
Mon Mar 12 2018 20:13:31 GMT-0400 (EDT): GET /
Mon Mar 12 2018 20:13:31 GMT-0400 (EDT): GET /about
Mon Mar 12 2018 20:13:32 GMT-0400 (EDT): GET /
Mon Mar 12 2018 20:13:34 GMT-0400 (EDT): GET /about
Mon Mar 12 2018 20:18:00 GMT-0400 (EDT): GET /about
Mon Mar 12 2018 20:19:49 GMT-0400 (EDT): GET /about
Mon Mar 12 2018 20:22:24 GMT-0400 (EDT): GET /help
Tue Mar 13 2018 20:29:21 GMT-0400 (EDT): GET /help
Tue Mar 13 2018 20:29:23 GMT-0400 (EDT): GET /favicon.ico
Tue Mar 13 2018 20:29:42 GMT-0400 (EDT): GET /help
Tue Mar 13 2018 20:29:44 GMT-0400 (EDT): GET /favicon.ico
Tue Mar 13 2018 20:30:01 GMT-0400 (EDT): GET /help
Tue Mar 13 2018 20:30:02 GMT-0400 (EDT): GET /favicon.ico
Tue Mar 13 2018 20:30:06 GMT-0400 (EDT): GET /
Tue Mar 13 2018 20:30:08 GMT-0400 (EDT): GET /projects
Tue Mar 13 2018 20:30:12 GMT-0400 (EDT): GET /about
Tue Mar 13 2018 20:30:13 GMT-0400 (EDT): GET /
Tue Mar 13 2018 20:30:18 GMT-0400 (EDT): GET /help
